<?xml version="1.0"	encoding="GB2312"?>
<!--
  www.ChinaVipOnline.com License
  Created on 2007-7-27
  modifier:gongweichuan
-->
<project name="prepare">

		<!-- Set common classpath -->
		<path id="junit.common.path">
			<fileset dir="${corepower.thirdparty.jar.dir}">
				<include name="*.jar"/>
			</fileset>
			<fileset dir="${corepower.kernal.jar.dir}">
				<include name="*.jar"/>
			</fileset>
			<fileset dir="${corepower.kernal.server.jar.dir}">
				<include name="*.jar"/>
			</fileset>
			<fileset dir="${corepower.api.jar.dir}">
				<include name="*.jar"/>
				<include name="corepower-api.sar/*.jar"/>
			</fileset>
			<fileset dir="${corepower.pm.api.jar.dir}">
				<include name="*.jar"/>
			</fileset>
			<fileset dir="${corepower.mainframe.jar.dir}">
				<include name="*.jar"/>
			</fileset>
			<fileset dir="${corepower.equip.jar.dir}">
				<include name="*.jar"/>
			</fileset>
		</path>
</project>
